app/build/intermediates/manifest_merge_blame_file/debug/processDebugMainManifest/manifest-merger-blame-debug-report.txt
1<?xml version="1.0" encoding="utf-8"?>
2<manifest xmlns:android="http://schemas.android.com/apk/res/android"
3    package="com.bearrushmod"
4    android:versionCode="1"
5    android:versionName="1.0" >
6
7    <uses-sdk
7-->INJECTED
8        android:minSdkVersion="24"
8-->INJECTED
9        android:targetSdkVersion="35" />
9-->INJECTED
10
11    <uses-permission android:name="android.permission.INTERNET" />
11-->src\main\AndroidManifest.xml:5:5-67
11-->src\main\AndroidManifest.xml:5:22-64
12    <uses-permission android:name="android.permission.ACCESS_NETWORK_STATE" />
12-->src\main\AndroidManifest.xml:6:5-79
12-->src\main\AndroidManifest.xml:6:22-76
13    <uses-permission android:name="com.google.android.gms.permission.AD_ID" />
13-->src\main\AndroidManifest.xml:7:5-79
13-->src\main\AndroidManifest.xml:7:22-76
14    <uses-permission
14-->src\main\AndroidManifest.xml:8:5-108
15        android:name="android.permission.WRITE_EXTERNAL_STORAGE"
15-->src\main\AndroidManifest.xml:8:22-78
16        android:maxSdkVersion="28" />
16-->src\main\AndroidManifest.xml:8:79-105
17    <uses-permission
17-->src\main\AndroidManifest.xml:9:5-107
18        android:name="android.permission.READ_EXTERNAL_STORAGE"
18-->src\main\AndroidManifest.xml:9:22-77
19        android:maxSdkVersion="32" />
19-->src\main\AndroidManifest.xml:9:78-104
20    <uses-permission android:name="android.permission.MANAGE_EXTERNAL_STORAGE" />
20-->src\main\AndroidManifest.xml:10:5-82
20-->src\main\AndroidManifest.xml:10:22-79
21    <uses-permission android:name="android.permission.ACCESS_WIFI_STATE" />
21-->[com.startapp:inapp-sdk:5.1.0] AndroidManifest.xml:8:5-76
21-->[com.startapp:inapp-sdk:5.1.0] AndroidManifest.xml:8:22-73
22    <uses-permission android:name="android.permission.RECEIVE_BOOT_COMPLETED" />
22-->[com.startapp:inapp-sdk:5.1.0] AndroidManifest.xml:10:5-81
22-->[com.startapp:inapp-sdk:5.1.0] AndroidManifest.xml:10:22-78
23    <uses-permission android:name="com.google.android.finsky.permission.BIND_GET_INSTALL_REFERRER_SERVICE" />
23-->[com.startapp:inapp-sdk:5.1.0] AndroidManifest.xml:11:5-110
23-->[com.startapp:inapp-sdk:5.1.0] AndroidManifest.xml:11:22-107
24    <uses-permission android:name="android.permission.ACCESS_ADSERVICES_TOPICS" />
24-->[com.startapp:inapp-sdk:5.1.0] AndroidManifest.xml:13:5-83
24-->[com.startapp:inapp-sdk:5.1.0] AndroidManifest.xml:13:22-80
25
26    <queries>
26-->[com.startapp:inapp-sdk:5.1.0] AndroidManifest.xml:15:5-19:15
27        <intent>
27-->[com.startapp:inapp-sdk:5.1.0] AndroidManifest.xml:16:9-18:18
28            <action android:name="android.intent.action.MAIN" />
28-->src\main\AndroidManifest.xml:38:17-69
28-->src\main\AndroidManifest.xml:38:25-66
29        </intent>
30    </queries>
31
32    <permission
32-->[androidx.core:core:1.13.1] AndroidManifest.xml:22:5-24:47
33        android:name="com.bearrushmod.DYNAMIC_RECEIVER_NOT_EXPORTED_PERMISSION"
33-->[androidx.core:core:1.13.1] AndroidManifest.xml:23:9-81
34        android:protectionLevel="signature" />
34-->[androidx.core:core:1.13.1] AndroidManifest.xml:24:9-44
35
36    <uses-permission android:name="com.bearrushmod.DYNAMIC_RECEIVER_NOT_EXPORTED_PERMISSION" />
36-->[androidx.core:core:1.13.1] AndroidManifest.xml:26:5-97
36-->[androidx.core:core:1.13.1] AndroidManifest.xml:26:22-94
37
38    <application
38-->src\main\AndroidManifest.xml:12:5-42:19
39        android:name="com.bearrushmod.BearRushModApp"
39-->src\main\AndroidManifest.xml:14:9-39
40        android:allowBackup="true"
40-->src\main\AndroidManifest.xml:13:9-35
41        android:appComponentFactory="androidx.core.app.CoreComponentFactory"
41-->[androidx.core:core:1.13.1] AndroidManifest.xml:28:18-86
42        android:dataExtractionRules="@xml/data_extraction_rules"
42-->src\main\AndroidManifest.xml:17:9-65
43        android:debuggable="true"
44        android:extractNativeLibs="false"
44-->INJECTED
45        android:fullBackupContent="@xml/backup_rules"
45-->src\main\AndroidManifest.xml:18:9-54
46        android:icon="@mipmap/ic_launcher"
46-->src\main\AndroidManifest.xml:15:9-43
47        android:label="@string/app_name"
47-->src\main\AndroidManifest.xml:19:9-41
48        android:roundIcon="@mipmap/ic_launcher"
48-->src\main\AndroidManifest.xml:16:9-48
49        android:supportsRtl="true"
49-->src\main\AndroidManifest.xml:20:9-35
50        android:theme="@style/Theme.BearRushMod" >
50-->src\main\AndroidManifest.xml:21:9-49
51        <provider
51-->INJECTED
52            android:name="androidx.core.content.FileProvider"
52-->src\main\AndroidManifest.xml:24:13-62
53            android:authorities="com.bearrushmod.fileprovider"
53-->INJECTED
54            android:exported="false"
54-->src\main\AndroidManifest.xml:26:13-37
55            android:grantUriPermissions="true" >
55-->src\main\AndroidManifest.xml:27:13-47
56            <meta-data
56-->src\main\AndroidManifest.xml:28:13-30:54
57                android:name="android.support.FILE_PROVIDER_PATHS"
57-->src\main\AndroidManifest.xml:29:17-67
58                android:resource="@xml/file_paths" />
58-->src\main\AndroidManifest.xml:30:17-51
59        </provider>
60
61        <activity
61-->src\main\AndroidManifest.xml:33:9-41:20
62            android:name="com.bearrushmod.MainActivity"
62-->src\main\AndroidManifest.xml:34:13-41
63            android:exported="true"
63-->src\main\AndroidManifest.xml:35:13-36
64            android:theme="@style/Theme.BearRushMod" >
64-->src\main\AndroidManifest.xml:36:13-53
65            <intent-filter>
65-->src\main\AndroidManifest.xml:37:13-40:29
66                <action android:name="android.intent.action.MAIN" />
66-->src\main\AndroidManifest.xml:38:17-69
66-->src\main\AndroidManifest.xml:38:25-66
67
68                <category android:name="android.intent.category.LAUNCHER" />
68-->src\main\AndroidManifest.xml:39:17-77
68-->src\main\AndroidManifest.xml:39:27-74
69            </intent-filter>
70        </activity>
71
72        <provider
72-->[com.startapp:inapp-sdk:5.1.0] AndroidManifest.xml:22:9-25:40
73            android:name="com.startapp.sdk.adsbase.StartAppInitProvider"
73-->[com.startapp:inapp-sdk:5.1.0] AndroidManifest.xml:23:13-73
74            android:authorities="com.bearrushmod.startappinitprovider"
74-->[com.startapp:inapp-sdk:5.1.0] AndroidManifest.xml:24:13-72
75            android:exported="false" />
75-->[com.startapp:inapp-sdk:5.1.0] AndroidManifest.xml:25:13-37
76
77        <activity
77-->[com.startapp:inapp-sdk:5.1.0] AndroidManifest.xml:27:9-30:64
78            android:name="com.startapp.sdk.adsbase.consent.ConsentActivity"
78-->[com.startapp:inapp-sdk:5.1.0] AndroidManifest.xml:28:13-76
79            android:configChanges="orientation|screenSize|screenLayout|keyboardHidden"
79-->[com.startapp:inapp-sdk:5.1.0] AndroidManifest.xml:29:13-87
80            android:theme="@android:style/Theme.Translucent" />
80-->[com.startapp:inapp-sdk:5.1.0] AndroidManifest.xml:30:13-61
81        <activity
81-->[com.startapp:inapp-sdk:5.1.0] AndroidManifest.xml:31:9-33:52
82            android:name="com.startapp.sdk.ads.list3d.List3DActivity"
82-->[com.startapp:inapp-sdk:5.1.0] AndroidManifest.xml:32:13-70
83            android:theme="@android:style/Theme" />
83-->[com.startapp:inapp-sdk:5.1.0] AndroidManifest.xml:33:13-49
84        <activity
84-->[com.startapp:inapp-sdk:5.1.0] AndroidManifest.xml:34:9-37:64
85            android:name="com.startapp.sdk.ads.interstitials.OverlayActivity"
85-->[com.startapp:inapp-sdk:5.1.0] AndroidManifest.xml:35:13-78
86            android:configChanges="orientation|screenSize|screenLayout|keyboardHidden"
86-->[com.startapp:inapp-sdk:5.1.0] AndroidManifest.xml:36:13-87
87            android:theme="@android:style/Theme.Translucent" />
87-->[com.startapp:inapp-sdk:5.1.0] AndroidManifest.xml:37:13-61
88
89        <service android:name="com.startapp.sdk.cachedservice.BackgroundService" />
89-->[com.startapp:inapp-sdk:5.1.0] AndroidManifest.xml:39:9-84
89-->[com.startapp:inapp-sdk:5.1.0] AndroidManifest.xml:39:18-81
90        <service
90-->[com.startapp:inapp-sdk:5.1.0] AndroidManifest.xml:40:9-42:72
91            android:name="com.startapp.sdk.jobs.SchedulerService"
91-->[com.startapp:inapp-sdk:5.1.0] AndroidManifest.xml:41:13-66
92            android:permission="android.permission.BIND_JOB_SERVICE" />
92-->[com.startapp:inapp-sdk:5.1.0] AndroidManifest.xml:42:13-69
93
94        <receiver
94-->[com.startapp:inapp-sdk:5.1.0] AndroidManifest.xml:44:9-50:20
95            android:name="com.startapp.sdk.adsbase.remoteconfig.BootCompleteListener"
95-->[com.startapp:inapp-sdk:5.1.0] AndroidManifest.xml:45:13-86
96            android:exported="true" >
96-->[com.startapp:inapp-sdk:5.1.0] AndroidManifest.xml:46:13-36
97            <intent-filter>
97-->[com.startapp:inapp-sdk:5.1.0] AndroidManifest.xml:47:13-49:29
98                <action android:name="android.intent.action.BOOT_COMPLETED" />
98-->[com.startapp:inapp-sdk:5.1.0] AndroidManifest.xml:48:17-79
98-->[com.startapp:inapp-sdk:5.1.0] AndroidManifest.xml:48:25-76
99            </intent-filter>
100        </receiver>
101
102        <activity
102-->[com.google.android.gms:play-services-base:18.5.0] AndroidManifest.xml:5:9-173
103            android:name="com.google.android.gms.common.api.GoogleApiActivity"
103-->[com.google.android.gms:play-services-base:18.5.0] AndroidManifest.xml:5:19-85
104            android:exported="false"
104-->[com.google.android.gms:play-services-base:18.5.0] AndroidManifest.xml:5:146-170
105            android:theme="@android:style/Theme.Translucent.NoTitleBar" />
105-->[com.google.android.gms:play-services-base:18.5.0] AndroidManifest.xml:5:86-145
106
107        <meta-data
107-->[com.google.android.gms:play-services-basement:18.4.0] AndroidManifest.xml:6:9-122
108            android:name="com.google.android.gms.version"
108-->[com.google.android.gms:play-services-basement:18.4.0] AndroidManifest.xml:6:20-65
109            android:value="@integer/google_play_services_version" />
109-->[com.google.android.gms:play-services-basement:18.4.0] AndroidManifest.xml:6:66-119
110
111        <provider
111-->[androidx.emoji2:emoji2:1.3.0] AndroidManifest.xml:24:9-32:20
112            android:name="androidx.startup.InitializationProvider"
112-->[androidx.emoji2:emoji2:1.3.0] AndroidManifest.xml:25:13-67
113            android:authorities="com.bearrushmod.androidx-startup"
113-->[androidx.emoji2:emoji2:1.3.0] AndroidManifest.xml:26:13-68
114            android:exported="false" >
114-->[androidx.emoji2:emoji2:1.3.0] AndroidManifest.xml:27:13-37
115            <meta-data
115-->[androidx.emoji2:emoji2:1.3.0] AndroidManifest.xml:29:13-31:52
116                android:name="androidx.emoji2.text.EmojiCompatInitializer"
116-->[androidx.emoji2:emoji2:1.3.0] AndroidManifest.xml:30:17-75
117                android:value="androidx.startup" />
117-->[androidx.emoji2:emoji2:1.3.0] AndroidManifest.xml:31:17-49
118            <meta-data
118-->[androidx.lifecycle:lifecycle-process:2.8.6] AndroidManifest.xml:29:13-31:52
119                android:name="androidx.lifecycle.ProcessLifecycleInitializer"
119-->[androidx.lifecycle:lifecycle-process:2.8.6] AndroidManifest.xml:30:17-78
120                android:value="androidx.startup" />
120-->[androidx.lifecycle:lifecycle-process:2.8.6] AndroidManifest.xml:31:17-49
121            <meta-data
121-->[androidx.profileinstaller:profileinstaller:1.3.1] AndroidManifest.xml:29:13-31:52
122                android:name="androidx.profileinstaller.ProfileInstallerInitializer"
122-->[androidx.profileinstaller:profileinstaller:1.3.1] AndroidManifest.xml:30:17-85
123                android:value="androidx.startup" />
123-->[androidx.profileinstaller:profileinstaller:1.3.1] AndroidManifest.xml:31:17-49
124        </provider>
125
126        <activity
126-->[androidx.compose.ui:ui-test-manifest:1.7.5] AndroidManifest.xml:23:9-25:39
127            android:name="androidx.activity.ComponentActivity"
127-->[androidx.compose.ui:ui-test-manifest:1.7.5] AndroidManifest.xml:24:13-63
128            android:exported="true" />
128-->[androidx.compose.ui:ui-test-manifest:1.7.5] AndroidManifest.xml:25:13-36
129        <activity
129-->[androidx.compose.ui:ui-tooling-android:1.7.5] AndroidManifest.xml:23:9-25:39
130            android:name="androidx.compose.ui.tooling.PreviewActivity"
130-->[androidx.compose.ui:ui-tooling-android:1.7.5] AndroidManifest.xml:24:13-71
131            android:exported="true" />
131-->[androidx.compose.ui:ui-tooling-android:1.7.5] AndroidManifest.xml:25:13-36
132
133        <receiver
133-->[androidx.profileinstaller:profileinstaller:1.3.1] AndroidManifest.xml:34:9-52:20
134            android:name="androidx.profileinstaller.ProfileInstallReceiver"
134-->[androidx.profileinstaller:profileinstaller:1.3.1] AndroidManifest.xml:35:13-76
135            android:directBootAware="false"
135-->[androidx.profileinstaller:profileinstaller:1.3.1] AndroidManifest.xml:36:13-44
136            android:enabled="true"
136-->[androidx.profileinstaller:profileinstaller:1.3.1] AndroidManifest.xml:37:13-35
137            android:exported="true"
137-->[androidx.profileinstaller:profileinstaller:1.3.1] AndroidManifest.xml:38:13-36
138            android:permission="android.permission.DUMP" >
138-->[androidx.profileinstaller:profileinstaller:1.3.1] AndroidManifest.xml:39:13-57
139            <intent-filter>
139-->[androidx.profileinstaller:profileinstaller:1.3.1] AndroidManifest.xml:40:13-42:29
140                <action android:name="androidx.profileinstaller.action.INSTALL_PROFILE" />
140-->[androidx.profileinstaller:profileinstaller:1.3.1] AndroidManifest.xml:41:17-91
140-->[androidx.profileinstaller:profileinstaller:1.3.1] AndroidManifest.xml:41:25-88
141            </intent-filter>
142            <intent-filter>
142-->[androidx.profileinstaller:profileinstaller:1.3.1] AndroidManifest.xml:43:13-45:29
143                <action android:name="androidx.profileinstaller.action.SKIP_FILE" />
143-->[androidx.profileinstaller:profileinstaller:1.3.1] AndroidManifest.xml:44:17-85
143-->[androidx.profileinstaller:profileinstaller:1.3.1] AndroidManifest.xml:44:25-82
144            </intent-filter>
145            <intent-filter>
145-->[androidx.profileinstaller:profileinstaller:1.3.1] AndroidManifest.xml:46:13-48:29
146                <action android:name="androidx.profileinstaller.action.SAVE_PROFILE" />
146-->[androidx.profileinstaller:profileinstaller:1.3.1] AndroidManifest.xml:47:17-88
146-->[androidx.profileinstaller:profileinstaller:1.3.1] AndroidManifest.xml:47:25-85
147            </intent-filter>
148            <intent-filter>
148-->[androidx.profileinstaller:profileinstaller:1.3.1] AndroidManifest.xml:49:13-51:29
149                <action android:name="androidx.profileinstaller.action.BENCHMARK_OPERATION" />
149-->[androidx.profileinstaller:profileinstaller:1.3.1] AndroidManifest.xml:50:17-95
149-->[androidx.profileinstaller:profileinstaller:1.3.1] AndroidManifest.xml:50:25-92
150            </intent-filter>
151        </receiver>
152    </application>
153
154</manifest>